<?xml version="1.0" encoding="UTF-8"?>
<testsuites>
  <testsuite name="Welcome_test" file="C:\Users\nozomu\Downloads\codeigniter-nginx-with-docker-master\codeigniter-nginx-with-docker-master\ci\application\tests\Welcome_test.php" tests="1" assertions="0" errors="1" failures="0" skipped="0" time="0.004855">
    <testcase name="test_index" class="Welcome_test" file="C:\Users\nozomu\Downloads\codeigniter-nginx-with-docker-master\codeigniter-nginx-with-docker-master\ci\application\tests\Welcome_test.php" line="7" assertions="0" time="0.004855">
      <error type="Error">Welcome_test::test_index
Error: Call to undefined method Welcome_test::request()
&#13;
C:\Users\nozomu\Downloads\codeigniter-nginx-with-docker-master\codeigniter-nginx-with-docker-master\ci\application\tests\Welcome_test.php:9
</error>
    </testcase>
  </testsuite>
</testsuites>
